2021-04-10 10:20:40.385  INFO 10836 --- [restartedMain] tn.esprit.spring.ReclamationApplication  : Starting ReclamationApplication using Java 1.8.0_60 on DESKTOP-VKNQIL6 with PID 10836 (C:\Users\hp\Documents\workspace-sts-3.8.4.RELEASE\reclamation\target\classes started by hp in C:\Users\hp\Documents\workspace-sts-3.8.4.RELEASE\reclamation)
2021-04-10 10:20:40.398  INFO 10836 --- [restartedMain] tn.esprit.spring.ReclamationApplication  : No active profile set, falling back to default profiles: default
2021-04-10 10:20:40.542  INFO 10836 --- [restartedMain] .e.DevToolsPropertyDefaultsPostProcessor : Devtools property defaults active! Set 'spring.devtools.add-properties' to 'false' to disable
2021-04-10 10:20:40.543  INFO 10836 --- [restartedMain] .e.DevToolsPropertyDefaultsPostProcessor : For additional web related logging consider setting the 'logging.level.web' property to 'DEBUG'
2021-04-10 10:20:42.006  INFO 10836 --- [restartedMain] .s.d.r.c.RepositoryConfigurationDelegate : Bootstrapping Spring Data JPA repositories in DEFAULT mode.
2021-04-10 10:20:42.200  INFO 10836 --- [restartedMain] .s.d.r.c.RepositoryConfigurationDelegate : Finished Spring Data repository scanning in 174 ms. Found 2 JPA repository interfaces.
2021-04-10 10:20:43.877  INFO 10836 --- [restartedMain] o.s.b.w.embedded.tomcat.TomcatWebServer  : Tomcat initialized with port(s): 8081 (http)
2021-04-10 10:20:43.915  INFO 10836 --- [restartedMain] o.apache.catalina.core.StandardService   : Starting service [Tomcat]
2021-04-10 10:20:43.917  INFO 10836 --- [restartedMain] org.apache.catalina.core.StandardEngine  : Starting Servlet engine: [Apache Tomcat/9.0.44]
2021-04-10 10:20:44.142  INFO 10836 --- [restartedMain] o.a.c.c.C.[.[localhost].[/SpringMVC]     : Initializing Spring embedded WebApplicationContext
2021-04-10 10:20:44.143  INFO 10836 --- [restartedMain] w.s.c.ServletWebServerApplicationContext : Root WebApplicationContext: initialization completed in 3599 ms
2021-04-10 10:20:44.743  INFO 10836 --- [restartedMain] o.hibernate.jpa.internal.util.LogHelper  : HHH000204: Processing PersistenceUnitInfo [name: default]
2021-04-10 10:20:44.906  INFO 10836 --- [restartedMain] org.hibernate.Version                    : HHH000412: Hibernate ORM core version 5.4.29.Final
2021-04-10 10:20:45.202  INFO 10836 --- [restartedMain] o.hibernate.annotations.common.Version   : HCANN000001: Hibernate Commons Annotations {5.1.2.Final}
2021-04-10 10:20:45.495  INFO 10836 --- [restartedMain] com.zaxxer.hikari.HikariDataSource       : HikariPool-1 - Starting...
2021-04-10 10:20:45.882  INFO 10836 --- [restartedMain] com.zaxxer.hikari.HikariDataSource       : HikariPool-1 - Start completed.
2021-04-10 10:20:45.914  INFO 10836 --- [restartedMain] org.hibernate.dialect.Dialect            : HHH000400: Using dialect: org.hibernate.dialect.MySQL5Dialect
2021-04-10 10:20:47.155  INFO 10836 --- [restartedMain] o.h.e.t.j.p.i.JtaPlatformInitiator       : HHH000490: Using JtaPlatform implementation: [org.hibernate.engine.transaction.jta.platform.internal.NoJtaPlatform]
2021-04-10 10:20:47.174  INFO 10836 --- [restartedMain] j.LocalContainerEntityManagerFactoryBean : Initialized JPA EntityManagerFactory for persistence unit 'default'
2021-04-10 10:20:47.203  WARN 10836 --- [restartedMain] o.s.b.d.a.OptionalLiveReloadServer       : Unable to start LiveReload server
2021-04-10 10:20:47.965  WARN 10836 --- [restartedMain] JpaBaseConfiguration$JpaWebConfiguration : spring.jpa.open-in-view is enabled by default. Therefore, database queries may be performed during view rendering. Explicitly configure spring.jpa.open-in-view to disable this warning
2021-04-10 10:20:48.189  INFO 10836 --- [restartedMain] o.s.s.concurrent.ThreadPoolTaskExecutor  : Initializing ExecutorService 'applicationTaskExecutor'
2021-04-10 10:20:48.801  WARN 10836 --- [restartedMain] ConfigServletWebServerApplicationContext : Exception encountered during context initialization - cancelling refresh attempt: org.springframework.context.ApplicationContextException: Failed to start bean 'webServerStartStop'; nested exception is org.springframework.boot.web.server.PortInUseException: Port 8081 is already in use
2021-04-10 10:20:48.802  INFO 10836 --- [restartedMain] o.s.s.concurrent.ThreadPoolTaskExecutor  : Shutting down ExecutorService 'applicationTaskExecutor'
2021-04-10 10:20:48.804  INFO 10836 --- [restartedMain] j.LocalContainerEntityManagerFactoryBean : Closing JPA EntityManagerFactory for persistence unit 'default'
2021-04-10 10:20:48.809  INFO 10836 --- [restartedMain] com.zaxxer.hikari.HikariDataSource       : HikariPool-1 - Shutdown initiated...
2021-04-10 10:20:48.829  INFO 10836 --- [restartedMain] com.zaxxer.hikari.HikariDataSource       : HikariPool-1 - Shutdown completed.
2021-04-10 10:20:48.833  INFO 10836 --- [restartedMain] o.apache.catalina.core.StandardService   : Stopping service [Tomcat]
2021-04-10 10:20:48.867  INFO 10836 --- [restartedMain] ConditionEvaluationReportLoggingListener : 

Error starting ApplicationContext. To display the conditions report re-run your application with 'debug' enabled.
2021-04-10 10:20:48.918 ERROR 10836 --- [restartedMain] o.s.b.d.LoggingFailureAnalysisReporter   : 

***************************
APPLICATION FAILED TO START
***************************

Description:

Web server failed to start. Port 8081 was already in use.

Action:

Identify and stop the process that's listening on port 8081 or configure this application to listen on another port.

2021-04-10 10:22:34.438  INFO 10852 --- [restartedMain] tn.esprit.spring.ReclamationApplication  : Starting ReclamationApplication using Java 1.8.0_60 on DESKTOP-VKNQIL6 with PID 10852 (C:\Users\hp\Documents\workspace-sts-3.8.4.RELEASE\reclamation\target\classes started by hp in C:\Users\hp\Documents\workspace-sts-3.8.4.RELEASE\reclamation)
2021-04-10 10:22:34.443  INFO 10852 --- [restartedMain] tn.esprit.spring.ReclamationApplication  : No active profile set, falling back to default profiles: default
2021-04-10 10:22:34.568  INFO 10852 --- [restartedMain] .e.DevToolsPropertyDefaultsPostProcessor : Devtools property defaults active! Set 'spring.devtools.add-properties' to 'false' to disable
2021-04-10 10:22:34.569  INFO 10852 --- [restartedMain] .e.DevToolsPropertyDefaultsPostProcessor : For additional web related logging consider setting the 'logging.level.web' property to 'DEBUG'
2021-04-10 10:22:35.693  INFO 10852 --- [restartedMain] .s.d.r.c.RepositoryConfigurationDelegate : Bootstrapping Spring Data JPA repositories in DEFAULT mode.
2021-04-10 10:22:35.869  INFO 10852 --- [restartedMain] .s.d.r.c.RepositoryConfigurationDelegate : Finished Spring Data repository scanning in 145 ms. Found 2 JPA repository interfaces.
2021-04-10 10:22:37.379  INFO 10852 --- [restartedMain] o.s.b.w.embedded.tomcat.TomcatWebServer  : Tomcat initialized with port(s): 8081 (http)
2021-04-10 10:22:37.403  INFO 10852 --- [restartedMain] o.apache.catalina.core.StandardService   : Starting service [Tomcat]
2021-04-10 10:22:37.404  INFO 10852 --- [restartedMain] org.apache.catalina.core.StandardEngine  : Starting Servlet engine: [Apache Tomcat/9.0.44]
2021-04-10 10:22:37.593  INFO 10852 --- [restartedMain] o.a.c.c.C.[.[localhost].[/SpringMVC]     : Initializing Spring embedded WebApplicationContext
2021-04-10 10:22:37.594  INFO 10852 --- [restartedMain] w.s.c.ServletWebServerApplicationContext : Root WebApplicationContext: initialization completed in 3023 ms
2021-04-10 10:22:38.627  INFO 10852 --- [restartedMain] o.hibernate.jpa.internal.util.LogHelper  : HHH000204: Processing PersistenceUnitInfo [name: default]
2021-04-10 10:22:38.750  INFO 10852 --- [restartedMain] org.hibernate.Version                    : HHH000412: Hibernate ORM core version 5.4.29.Final
2021-04-10 10:22:39.014  INFO 10852 --- [restartedMain] o.hibernate.annotations.common.Version   : HCANN000001: Hibernate Commons Annotations {5.1.2.Final}
2021-04-10 10:22:39.161  INFO 10852 --- [restartedMain] com.zaxxer.hikari.HikariDataSource       : HikariPool-1 - Starting...
2021-04-10 10:22:39.451  INFO 10852 --- [restartedMain] com.zaxxer.hikari.HikariDataSource       : HikariPool-1 - Start completed.
2021-04-10 10:22:39.472  INFO 10852 --- [restartedMain] org.hibernate.dialect.Dialect            : HHH000400: Using dialect: org.hibernate.dialect.MySQL5Dialect
2021-04-10 10:22:40.405  INFO 10852 --- [restartedMain] o.h.e.t.j.p.i.JtaPlatformInitiator       : HHH000490: Using JtaPlatform implementation: [org.hibernate.engine.transaction.jta.platform.internal.NoJtaPlatform]
2021-04-10 10:22:40.420  INFO 10852 --- [restartedMain] j.LocalContainerEntityManagerFactoryBean : Initialized JPA EntityManagerFactory for persistence unit 'default'
2021-04-10 10:22:40.448  INFO 10852 --- [restartedMain] o.s.b.d.a.OptionalLiveReloadServer       : LiveReload server is running on port 35729
2021-04-10 10:22:41.285  WARN 10852 --- [restartedMain] JpaBaseConfiguration$JpaWebConfiguration : spring.jpa.open-in-view is enabled by default. Therefore, database queries may be performed during view rendering. Explicitly configure spring.jpa.open-in-view to disable this warning
2021-04-10 10:22:41.509  INFO 10852 --- [restartedMain] o.s.s.concurrent.ThreadPoolTaskExecutor  : Initializing ExecutorService 'applicationTaskExecutor'
2021-04-10 10:22:41.934  WARN 10852 --- [restartedMain] ConfigServletWebServerApplicationContext : Exception encountered during context initialization - cancelling refresh attempt: org.springframework.context.ApplicationContextException: Failed to start bean 'webServerStartStop'; nested exception is org.springframework.boot.web.server.PortInUseException: Port 8081 is already in use
2021-04-10 10:22:41.938  INFO 10852 --- [restartedMain] o.s.s.concurrent.ThreadPoolTaskExecutor  : Shutting down ExecutorService 'applicationTaskExecutor'
2021-04-10 10:22:41.939  INFO 10852 --- [restartedMain] j.LocalContainerEntityManagerFactoryBean : Closing JPA EntityManagerFactory for persistence unit 'default'
2021-04-10 10:22:41.948  INFO 10852 --- [restartedMain] com.zaxxer.hikari.HikariDataSource       : HikariPool-1 - Shutdown initiated...
2021-04-10 10:22:41.972  INFO 10852 --- [restartedMain] com.zaxxer.hikari.HikariDataSource       : HikariPool-1 - Shutdown completed.
2021-04-10 10:22:41.976  INFO 10852 --- [restartedMain] o.apache.catalina.core.StandardService   : Stopping service [Tomcat]
2021-04-10 10:22:42.001  INFO 10852 --- [restartedMain] ConditionEvaluationReportLoggingListener : 

Error starting ApplicationContext. To display the conditions report re-run your application with 'debug' enabled.
2021-04-10 10:22:42.043 ERROR 10852 --- [restartedMain] o.s.b.d.LoggingFailureAnalysisReporter   : 

***************************
APPLICATION FAILED TO START
***************************

Description:

Web server failed to start. Port 8081 was already in use.

Action:

Identify and stop the process that's listening on port 8081 or configure this application to listen on another port.

2021-04-10 10:24:36.158  INFO 3656 --- [restartedMain] tn.esprit.spring.ReclamationApplication  : Starting ReclamationApplication using Java 1.8.0_60 on DESKTOP-VKNQIL6 with PID 3656 (C:\Users\hp\Documents\workspace-sts-3.8.4.RELEASE\reclamation\target\classes started by hp in C:\Users\hp\Documents\workspace-sts-3.8.4.RELEASE\reclamation)
2021-04-10 10:24:36.163  INFO 3656 --- [restartedMain] tn.esprit.spring.ReclamationApplication  : No active profile set, falling back to default profiles: default
2021-04-10 10:24:36.244  INFO 3656 --- [restartedMain] .e.DevToolsPropertyDefaultsPostProcessor : Devtools property defaults active! Set 'spring.devtools.add-properties' to 'false' to disable
2021-04-10 10:24:36.245  INFO 3656 --- [restartedMain] .e.DevToolsPropertyDefaultsPostProcessor : For additional web related logging consider setting the 'logging.level.web' property to 'DEBUG'
2021-04-10 10:24:37.183  INFO 3656 --- [restartedMain] .s.d.r.c.RepositoryConfigurationDelegate : Bootstrapping Spring Data JPA repositories in DEFAULT mode.
2021-04-10 10:24:37.297  INFO 3656 --- [restartedMain] .s.d.r.c.RepositoryConfigurationDelegate : Finished Spring Data repository scanning in 95 ms. Found 2 JPA repository interfaces.
2021-04-10 10:24:38.480  INFO 3656 --- [restartedMain] o.s.b.w.embedded.tomcat.TomcatWebServer  : Tomcat initialized with port(s): 8081 (http)
2021-04-10 10:24:38.501  INFO 3656 --- [restartedMain] o.apache.catalina.core.StandardService   : Starting service [Tomcat]
2021-04-10 10:24:38.503  INFO 3656 --- [restartedMain] org.apache.catalina.core.StandardEngine  : Starting Servlet engine: [Apache Tomcat/9.0.44]
2021-04-10 10:24:38.692  INFO 3656 --- [restartedMain] o.a.c.c.C.[.[localhost].[/SpringMVC]     : Initializing Spring embedded WebApplicationContext
2021-04-10 10:24:38.693  INFO 3656 --- [restartedMain] w.s.c.ServletWebServerApplicationContext : Root WebApplicationContext: initialization completed in 2448 ms
2021-04-10 10:24:39.161  INFO 3656 --- [restartedMain] o.hibernate.jpa.internal.util.LogHelper  : HHH000204: Processing PersistenceUnitInfo [name: default]
2021-04-10 10:24:39.224  INFO 3656 --- [restartedMain] org.hibernate.Version                    : HHH000412: Hibernate ORM core version 5.4.29.Final
2021-04-10 10:24:39.425  INFO 3656 --- [restartedMain] o.hibernate.annotations.common.Version   : HCANN000001: Hibernate Commons Annotations {5.1.2.Final}
2021-04-10 10:24:39.563  INFO 3656 --- [restartedMain] com.zaxxer.hikari.HikariDataSource       : HikariPool-1 - Starting...
2021-04-10 10:24:39.854  INFO 3656 --- [restartedMain] com.zaxxer.hikari.HikariDataSource       : HikariPool-1 - Start completed.
2021-04-10 10:24:39.874  INFO 3656 --- [restartedMain] org.hibernate.dialect.Dialect            : HHH000400: Using dialect: org.hibernate.dialect.MySQL5Dialect
2021-04-10 10:24:41.153  INFO 3656 --- [restartedMain] o.h.e.t.j.p.i.JtaPlatformInitiator       : HHH000490: Using JtaPlatform implementation: [org.hibernate.engine.transaction.jta.platform.internal.NoJtaPlatform]
2021-04-10 10:24:41.166  INFO 3656 --- [restartedMain] j.LocalContainerEntityManagerFactoryBean : Initialized JPA EntityManagerFactory for persistence unit 'default'
2021-04-10 10:24:41.196  INFO 3656 --- [restartedMain] o.s.b.d.a.OptionalLiveReloadServer       : LiveReload server is running on port 35729
2021-04-10 10:24:41.823  WARN 3656 --- [restartedMain] JpaBaseConfiguration$JpaWebConfiguration : spring.jpa.open-in-view is enabled by default. Therefore, database queries may be performed during view rendering. Explicitly configure spring.jpa.open-in-view to disable this warning
2021-04-10 10:24:42.096  INFO 3656 --- [restartedMain] o.s.s.concurrent.ThreadPoolTaskExecutor  : Initializing ExecutorService 'applicationTaskExecutor'
2021-04-10 10:24:42.552  WARN 3656 --- [restartedMain] ConfigServletWebServerApplicationContext : Exception encountered during context initialization - cancelling refresh attempt: org.springframework.context.ApplicationContextException: Failed to start bean 'webServerStartStop'; nested exception is org.springframework.boot.web.server.PortInUseException: Port 8081 is already in use
2021-04-10 10:24:42.554  INFO 3656 --- [restartedMain] o.s.s.concurrent.ThreadPoolTaskExecutor  : Shutting down ExecutorService 'applicationTaskExecutor'
2021-04-10 10:24:42.557  INFO 3656 --- [restartedMain] j.LocalContainerEntityManagerFactoryBean : Closing JPA EntityManagerFactory for persistence unit 'default'
2021-04-10 10:24:42.575  INFO 3656 --- [restartedMain] com.zaxxer.hikari.HikariDataSource       : HikariPool-1 - Shutdown initiated...
2021-04-10 10:24:42.593  INFO 3656 --- [restartedMain] com.zaxxer.hikari.HikariDataSource       : HikariPool-1 - Shutdown completed.
2021-04-10 10:24:42.596  INFO 3656 --- [restartedMain] o.apache.catalina.core.StandardService   : Stopping service [Tomcat]
2021-04-10 10:24:42.628  INFO 3656 --- [restartedMain] ConditionEvaluationReportLoggingListener : 

Error starting ApplicationContext. To display the conditions report re-run your application with 'debug' enabled.
2021-04-10 10:24:42.712 ERROR 3656 --- [restartedMain] o.s.b.d.LoggingFailureAnalysisReporter   : 

***************************
APPLICATION FAILED TO START
***************************

Description:

Web server failed to start. Port 8081 was already in use.

Action:

Identify and stop the process that's listening on port 8081 or configure this application to listen on another port.

